LolPatcherUx caused ACCESS_VIOLATION in module LolPatcherUx

Write to location 00000000 caused an access violation.

User Information:
    User Name: a
    Computer Name: CASPERNIRVANA

System Information:
    4 processor(s), type 586.
    50% of memory in use.
    6093M total physical memory.
    3025M free physical memory.
    7117M total paging file.
    3647M free paging file.
    2047M total virtual memory.
    1900M free virtual memory.

Process Memory:
    1900M free.
      31M reserved.
     116M commited.
    Largest free block is 1246M.

    PageFaultCount: 25596
    PeakWorkingSetSize: 12M
    WorkingSetSize: 12M
    QuotaPeakPagedPoolUsage: 0M
    QuotaPagedPoolUsage: 0M
    QuotaPeakNonPagedPoolUsage: 0M
    QuotaNonPagedPoolUsage: 0M
    PagefileUsage: 37M
    PeakPagefileUsage: 39M

