LolPatcher caused ACCESS_VIOLATION in module LolPatcher

Write to location 00000000 caused an access violation.

User Information:
    User Name: a
    Computer Name: CASPERNIRVANA

System Information:
    4 processor(s), type 586.
    50% of memory in use.
    6093M total physical memory.
    3043M free physical memory.
    7117M total paging file.
    3697M free paging file.
    2047M total virtual memory.
    1945M free virtual memory.

Process Memory:
    1945M free.
      31M reserved.
      71M commited.
    Largest free block is 1527M.

    PageFaultCount: 23941
    PeakWorkingSetSize: 10M
    WorkingSetSize: 10M
    QuotaPeakPagedPoolUsage: 0M
    QuotaPagedPoolUsage: 0M
    QuotaPeakNonPagedPoolUsage: 0M
    QuotaNonPagedPoolUsage: 0M
    PagefileUsage: 4M
    PeakPagefileUsage: 6M

